[Licensing::Module] Trying to connect to existing licensing client channel...
[Licensing::IpcConnector] Successfully connected to: "LicenseClient-bharani" at "2025-12-22T17:11:24.4947298Z"
Built from '6000.3/respin/6000.3.1f1-f56f53296c2c' branch; Version is '6000.3.1f1 (37142da19a94) revision 3609645'; Using compiler version '194234433'; Build Type 'Release'
OS: 'Windows 11  (10.0.26100) 64bit CoreSingleLanguage' Language: 'en' Physical Memory: 8029 MB
BatchMode: 1, IsHumanControllingUs: 0, StartBugReporterOnCrash: 0, Is64bit: 1
Date: 2025-12-22T17:11:24Z

COMMAND LINE ARGUMENTS:
C:\Program Files\Unity\Hub\Editor\6000.3.1f1\Editor\Unity.exe
-adb2
-batchMode
-noUpm
-name
AssetImportWorker0
-projectPath
C:/Wrath o/WrathOfTheNight
-logFile
Logs/AssetImportWorker0.log
-srvPort
64596
-licensingIpc
LicenseClient-bharani
-job-worker-count
3
-background-job-worker-count
8
-gc-helper-count
1
-name
AssetImport
Successfully changed project path to: C:/Wrath o/WrathOfTheNight
C:/Wrath o/WrathOfTheNight
[UnityMemory] Configuration Parameters - Can be set up in boot.config
    "memorysetup-temp-allocator-size-nav-mesh-worker=65536"
    "memorysetup-temp-allocator-size-audio-worker=65536"
    "memorysetup-temp-allocator-size-gfx=262144"
    "memorysetup-allocator-temp-initial-block-size-main=262144"
    "memorysetup-allocator-temp-initial-block-size-worker=262144"
    "memorysetup-temp-allocator-size-background-worker=32768"
    "memorysetup-temp-allocator-size-job-worker=262144"
    "memorysetup-temp-allocator-size-preload-manager=33554432"
    "memorysetup-temp-allocator-size-gi-baking-worker=262144"
    "memorysetup-temp-allocator-size-gi-baking-worker=262144"
    "memorysetup-temp-allocator-size-gi-baking-worker=262144"
    "memorysetup-temp-allocator-size-gi-baking-worker=262144"
    "memorysetup-temp-allocator-size-gi-baking-worker=262144"
    "memorysetup-bucket-allocator-granularity=16"
    "memorysetup-bucket-allocator-bucket-count=8"
    "memorysetup-bucket-allocator-block-size=33554432"
    "memorysetup-bucket-allocator-block-count=8"
    "memorysetup-main-allocator-block-size=16777216"
    "memorysetup-thread-allocator-block-size=16777216"
    "memorysetup-gfx-main-allocator-block-size=16777216"
    "memorysetup-gfx-thread-allocator-block-size=16777216"
    "memorysetup-cache-allocator-block-size=4194304"
    "memorysetup-typetree-allocator-block-size=2097152"
    "memorysetup-profiler-bucket-allocator-granularity=16"
    "memorysetup-profiler-bucket-allocator-bucket-count=8"
    "memorysetup-profiler-bucket-allocator-block-size=33554432"
    "memorysetup-profiler-bucket-allocator-block-count=8"
    "memorysetup-profiler-allocator-block-size=16777216"
    "memorysetup-profiler-editor-allocator-block-size=1048576"
    "memorysetup-temp-allocator-size-main=16777216"
    "memorysetup-job-temp-allocator-block-size=2097152"
    "memorysetup-job-temp-allocator-block-size-background=1048576"
    "memorysetup-job-temp-allocator-reduction-small-platforms=262144"
    "memorysetup-temp-allocator-size-cloud-worker=32768"
Player connection [1204]  Target information:

Player connection [1204]  * "[IP] 192.168.1.14 [Port] 0 [Flags] 2 [Guid] 3136868159 [EditorId] 3136868159 [Version] 1048832 [Id] WindowsEditor(7,LAPTOP-C3HDBVUN) [Debug] 1 [PackageName] WindowsEditor [ProjectName] Editor" 

Player connection [1204] Host joined multi-casting on [225.0.0.222:54997]...
Player connection [1204] Host joined alternative multi-casting on [225.0.0.222:34997]...
JobSystem: Creating JobQueue using job-worker-count value 3
Input System module state changed to: Initialized.
[Physics::Module] Initialized fallback backend.
[Physics::Module] Id: 0xdecafbad
Library Redirect Path: Library/
[Physics::Module] Selected backend.
[Physics::Module] Name: PhysX
[Physics::Module] Id: 0xf2b8ea05
[Physics::Module] SDK Version: 4.1.2
[Physics::Module] Integration Version: 1.0.0
[Physics::Module] Threading Mode: Multi-Threaded
Refreshing native plugins compatible for Editor in 11.40 ms, found 3 plugins.
Preloading 0 native plugins for Editor in 0.00 ms.
Initialize engine version: 6000.3.1f1 (37142da19a94)
[Subsystems] Discovering subsystems at path C:/Program Files/Unity/Hub/Editor/6000.3.1f1/Editor/Data/Resources/UnitySubsystems
[Subsystems] Discovering subsystems at path C:/Wrath o/WrathOfTheNight/Assets
GfxDevice: creating device client; kGfxThreadingModeNonThreaded
Direct3D:
    Version:  Direct3D 11.0 [level 11.1]
    Renderer: NVIDIA GeForce GTX 1650 (ID=0x1f99)
    Vendor:   NVIDIA
    VRAM:     3935 MB
    Driver:   32.0.15.9144
Initialize mono
Mono path[0] = 'C:/Program Files/Unity/Hub/Editor/6000.3.1f1/Editor/Data/Managed'
Mono path[1] = 'C:/Program Files/Unity/Hub/Editor/6000.3.1f1/Editor/Data/MonoBleedingEdge/lib/mono/unityjit-win32'
Mono config path = 'C:/Program Files/Unity/Hub/Editor/6000.3.1f1/Editor/Data/MonoBleedingEdge/etc'
Using monoOptions --debugger-agent=transport=dt_socket,embedding=1,server=y,suspend=n,address=127.0.0.1:56144
Begin MonoManager ReloadAssembly
Registering precompiled unity dll's ...
Register platform support module: C:/Program Files/Unity/Hub/Editor/6000.3.1f1/Editor/Data/PlaybackEngines/WindowsStandaloneSupport/UnityEditor.WindowsStandalone.Extensions.dll
Registered in 0.005366 seconds.
- Loaded All Assemblies, in  1.929 seconds
Native extension for WindowsStandalone target not found
Mono: successfully reloaded assembly
- Finished resetting the current domain, in  1.731 seconds
Domain Reload Profiling: 3642ms
	BeginReloadAssembly (720ms)
		ExecutionOrderSort (0ms)
		DisableScriptedObjects (0ms)
		BackupInstance (0ms)
		ReleaseScriptingObjects (0ms)
		CreateAndSetChildDomain (5ms)
	RebuildCommonClasses (120ms)
	RebuildNativeTypeToScriptingClass (38ms)
	initialDomainReloadingComplete (198ms)
	LoadAllAssembliesAndSetupDomain (834ms)
		LoadAssemblies (690ms)
		RebuildTransferFunctionScriptingTraits (0ms)
		AnalyzeDomain (826ms)
			TypeCache.Refresh (811ms)
				TypeCache.ScanAssembly (755ms)
			BuildScriptInfoCaches (6ms)
			ResolveRequiredComponents (1ms)
	FinalizeReload (1732ms)
		ReleaseScriptCaches (0ms)
		RebuildScriptCaches (0ms)
		SetupLoadedEditorAssemblies (1466ms)
			LogAssemblyErrors (0ms)
			InitializePlatformSupportModulesInManaged (269ms)
			SetLoadedEditorAssemblies (23ms)
			BeforeProcessingInitializeOnLoad (343ms)
			ProcessInitializeOnLoadAttributes (587ms)
			ProcessInitializeOnLoadMethodAttributes (243ms)
			AfterProcessingInitializeOnLoad (0ms)
			EditorAssembliesLoaded (0ms)
		ExecutionOrderSort2 (0ms)
		AwakeInstancesAfterBackupRestoration (0ms)
Assembly reference Packages/com.unity.cinemachine/Editor/Samples/ExposeHDRPInternals/HDRP-Editor-ref.asmref has no target assembly definition
========================================================================
Worker process is ready to serve import requests
Import Worker Mode flag is 0x00
Assembly reference Packages/com.unity.cinemachine/Editor/Samples/ExposeHDRPInternals/HDRP-Editor-ref.asmref has no target assembly definition
Assembly reference Packages/com.unity.cinemachine/Editor/Samples/ExposeHDRPInternals/HDRP-Editor-ref.asmref has no target assembly definition
Begin MonoManager ReloadAssembly
[Licensing::Module] Licensing is not yet initialized.
[Licensing::Client] Handshaking with LicensingClient:
  Version:                 1.17.4+4293ba1
  Session Id:              99d0ac5665c440bc82bc0e5563bab22d
  Correlation Id:          5944625f1e9935b821ea5af7da110a8b
  External correlation Id: 6375509537074923240
  Machine Id:              /Ut1foozhonicWfZu594Ki3KWMo=
[Licensing::Module] Successfully connected to LicensingClient on channel: "LicenseClient-bharani" (connect: 0.00s, validation: 0.00s, handshake: 8.06s)
[Licensing::IpcConnector] Successfully connected to: "LicenseClient-bharani-notifications" at "2025-12-22T17:11:32.5619189Z"
[Licensing::Module] Licensing Background thread has ended after 8.07s
[Licensing::Module] Licensing is initialized (took 0.69s).
[Licensing::Client] Successfully resolved entitlement details
[Licensing::Module] License group:
  Id: 13469171118288-UnityPersXXXX
  Product: Unity Personal
  Type: Assigned
  Expiration: Unlimited
- Loaded All Assemblies, in  3.635 seconds
Assembly reference Packages/com.unity.cinemachine/Editor/Samples/ExposeHDRPInternals/HDRP-Editor-ref.asmref has no target assembly definition
'Packages/com.unity.cinemachine/Editor/Obsolete/CinemachineVirtualCameraBaseEditor.cs' contains partial class of Unity.Object, exactly 1 of the partial classes needs to be in a file with the same filename. This is to know the one that can be referenced from ie. GameObjects
'Packages/com.unity.cinemachine/Editor/Editors/CinemachineVirtualCameraBaseEditor.cs' contains partial class of Unity.Object, exactly 1 of the partial classes needs to be in a file with the same filename. This is to know the one that can be referenced from ie. GameObjects
Refreshing native plugins compatible for Editor in 10.93 ms, found 3 plugins.
Native extension for WindowsStandalone target not found
Assembly reference Packages/com.unity.cinemachine/Editor/Samples/ExposeHDRPInternals/HDRP-Editor-ref.asmref has no target assembly definition
Package Manager log level set to [2]
[Package Manager] Failed to launch server process. Reason: Unity was launched with the -noUpm command-line argument
[Package Manager] Unable to send message (not connected to server process).
[Package Manager] Cannot connect to Unity Package Manager local server
[Package Manager] Failed to launch server process. Reason: Unity was launched with the -noUpm command-line argument
[Package Manager] Unable to send message (not connected to server process).
[Package Manager] Cannot connect to Unity Package Manager local server
Mono: successfully reloaded assembly
- Finished resetting the current domain, in  3.596 seconds
Domain Reload Profiling: 7213ms
	BeginReloadAssembly (1201ms)
		ExecutionOrderSort (0ms)
		DisableScriptedObjects (27ms)
		BackupInstance (0ms)
		ReleaseScriptingObjects (0ms)
		CreateAndSetChildDomain (87ms)
	RebuildCommonClasses (127ms)
	RebuildNativeTypeToScriptingClass (35ms)
	initialDomainReloadingComplete (110ms)
	LoadAllAssembliesAndSetupDomain (2144ms)
		LoadAssemblies (1323ms)
		RebuildTransferFunctionScriptingTraits (0ms)
		AnalyzeDomain (1066ms)
			TypeCache.Refresh (864ms)
				TypeCache.ScanAssembly (801ms)
			BuildScriptInfoCaches (152ms)
			ResolveRequiredComponents (39ms)
	FinalizeReload (3597ms)
		ReleaseScriptCaches (0ms)
		RebuildScriptCaches (0ms)
		SetupLoadedEditorAssemblies (2783ms)
			LogAssemblyErrors (0ms)
			InitializePlatformSupportModulesInManaged (6ms)
			SetLoadedEditorAssemblies (30ms)
			BeforeProcessingInitializeOnLoad (777ms)
			ProcessInitializeOnLoadAttributes (1754ms)
			ProcessInitializeOnLoadMethodAttributes (198ms)
			AfterProcessingInitializeOnLoad (16ms)
			EditorAssembliesLoaded (1ms)
		ExecutionOrderSort2 (0ms)
		AwakeInstancesAfterBackupRestoration (17ms)
Launched and connected shader compiler UnityShaderCompiler.exe after 0.06 seconds
Refreshing native plugins compatible for Editor in 2.89 ms, found 3 plugins.
Preloading 0 native plugins for Editor in 0.00 ms.
Unloading 29 Unused Serialized files (Serialized files now loaded: 0)
Unloading 6810 unused Assets / (11.8 MB). Loaded Objects now: 7610.
Memory consumption went from 162.1 MB to 150.3 MB.
Total: 197.030200 ms (FindLiveObjects: 12.597700 ms CreateObjectMapping: 3.425900 ms MarkObjects: 33.755100 ms  DeleteObjects: 147.245500 ms)

========================================================================
Received Import Request.
  Time since last request: 1574980.163363 seconds.
  path: Assets/Scenes/Single_Scene.unity
  artifactKey: Guid(262dee497cf0cea42984e9e279c6e9a9) Importer(815301076,1909f56bfc062723c751e8b465ee728b)
Start importing Assets/Scenes/Single_Scene.unity using Guid(262dee497cf0cea42984e9e279c6e9a9) Importer(815301076,1909f56bfc062723c751e8b465ee728b) (PreviewImporter) -> (artifact id: '0d32cc30151c1bbd3eaa4b48459fbabf') in 0.0570886 seconds
Number of updated asset objects reloaded before import = 0Number of asset objects unloaded after import = 0

========================================================================
Received Import Request.
  Time since last request: 10.112735 seconds.
  path: Assets/Scenes/Hallway.unity
  artifactKey: Guid(b7f48a6c0a3ee7949b84442825e7d482) Importer(2089858483,b0f066a214c2f5e87bad3c948f4d605d)
Start importing Assets/Scenes/Hallway.unity using Guid(b7f48a6c0a3ee7949b84442825e7d482) Importer(2089858483,b0f066a214c2f5e87bad3c948f4d605d) (ScriptedImporter) -> (artifact id: '872961d572a8066aaa719efebf29027a') in 0.1273142 seconds
Number of updated asset objects reloaded before import = 0Number of asset objects unloaded after import = 1

========================================================================
Received Import Request.
  Time since last request: 180.465134 seconds.
  path: Assets/Scenes/Hallway.unity
  artifactKey: Guid(b7f48a6c0a3ee7949b84442825e7d482) Importer(815301076,1909f56bfc062723c751e8b465ee728b)
Start importing Assets/Scenes/Hallway.unity using Guid(b7f48a6c0a3ee7949b84442825e7d482) Importer(815301076,1909f56bfc062723c751e8b465ee728b) (PreviewImporter) -> (artifact id: '7b7b8300d94fdc772b59c91181b343ac') in 0.0045131 seconds
Number of updated asset objects reloaded before import = 0Number of asset objects unloaded after import = 0

========================================================================
Received Import Request.
  Time since last request: 31.262043 seconds.
  path: Assets/Scenes/Hallway
  artifactKey: Guid(fa3a5e3366a19b84c97c018d4c1772a6) Importer(815301076,1909f56bfc062723c751e8b465ee728b)
Start importing Assets/Scenes/Hallway using Guid(fa3a5e3366a19b84c97c018d4c1772a6) Importer(815301076,1909f56bfc062723c751e8b465ee728b) (PreviewImporter) -> (artifact id: 'b020b444664a0a9d4c66bf8f5d297929') in 0.0031606 seconds
Number of updated asset objects reloaded before import = 0Number of asset objects unloaded after import = 0

========================================================================
Received Import Request.
  Time since last request: 0.000039 seconds.
  path: Assets/Scenes/Hallway/Global Volume Profile.asset
  artifactKey: Guid(43b94fd3bb6aa1947b22a139e55bc1cb) Importer(815301076,1909f56bfc062723c751e8b465ee728b)
Start importing Assets/Scenes/Hallway/Global Volume Profile.asset using Guid(43b94fd3bb6aa1947b22a139e55bc1cb) Importer(815301076,1909f56bfc062723c751e8b465ee728b) (PreviewImporter) -> (artifact id: 'cf997362eab61344e1afc2686737c1b2') in 0.2786194 seconds
Number of updated asset objects reloaded before import = 0Number of asset objects unloaded after import = 6

========================================================================
Received Import Request.
  Time since last request: 0.000039 seconds.
  path: Assets/Scenes/Hallway/ReflectionProbe-0.exr
  artifactKey: Guid(19878d9b3f2a4e645ac377df65c61fe2) Importer(815301076,1909f56bfc062723c751e8b465ee728b)
Start importing Assets/Scenes/Hallway/ReflectionProbe-0.exr using Guid(19878d9b3f2a4e645ac377df65c61fe2) Importer(815301076,1909f56bfc062723c751e8b465ee728b) (PreviewImporter) -> (artifact id: '287d2a510844f506272cc6657c92dd70') in 3.8622189 seconds
Number of updated asset objects reloaded before import = 0Number of asset objects unloaded after import = 1

========================================================================
Received Import Request.
  Time since last request: 35.099619 seconds.
  path: Assets/Scenes/Single_Scene.unity
  artifactKey: Guid(262dee497cf0cea42984e9e279c6e9a9) Importer(2089858483,b0f066a214c2f5e87bad3c948f4d605d)
Start importing Assets/Scenes/Single_Scene.unity using Guid(262dee497cf0cea42984e9e279c6e9a9) Importer(2089858483,b0f066a214c2f5e87bad3c948f4d605d) (ScriptedImporter) -> (artifact id: 'f53246b64258e9fdbc22c8ba0db01543') in 0.0339749 seconds
Number of updated asset objects reloaded before import = 0Number of asset objects unloaded after import = 1

========================================================================
Received Import Request.
  Time since last request: 179.195967 seconds.
  path: Assets/Scenes/Hallway.unity
  artifactKey: Guid(b7f48a6c0a3ee7949b84442825e7d482) Importer(2089858483,b0f066a214c2f5e87bad3c948f4d605d)
Start importing Assets/Scenes/Hallway.unity using Guid(b7f48a6c0a3ee7949b84442825e7d482) Importer(2089858483,b0f066a214c2f5e87bad3c948f4d605d) (ScriptedImporter) -> (artifact id: '412b817337b14e762b55a663190ed9e6') in 0.0436184 seconds
Number of updated asset objects reloaded before import = 0Number of asset objects unloaded after import = 1

========================================================================
Received Import Request.
  Time since last request: 38.699154 seconds.
  path: Assets/Scenes/Hallway/HallWay.prefab
  artifactKey: Guid(2c2265535feacc043b2192561d848642) Importer(815301076,1909f56bfc062723c751e8b465ee728b)
Start importing Assets/Scenes/Hallway/HallWay.prefab using Guid(2c2265535feacc043b2192561d848642) Importer(815301076,1909f56bfc062723c751e8b465ee728b) (PreviewImporter) -> (artifact id: '474620549c76b1582d395bd74c32f0df') in 43.7746058 seconds
Number of updated asset objects reloaded before import = 0Number of asset objects unloaded after import = 2020

========================================================================
Received Import Request.
  Time since last request: 0.000152 seconds.
  path: Assets/Scenes/Hallway.unity
  artifactKey: Guid(b7f48a6c0a3ee7949b84442825e7d482) Importer(2089858483,b0f066a214c2f5e87bad3c948f4d605d)
Start importing Assets/Scenes/Hallway.unity using Guid(b7f48a6c0a3ee7949b84442825e7d482) Importer(2089858483,b0f066a214c2f5e87bad3c948f4d605d) (ScriptedImporter) -> (artifact id: 'dea5e63aa82aca6bc4200e4e7d4cfd67') in 0.0486217 seconds
Number of updated asset objects reloaded before import = 0Number of asset objects unloaded after import = 1

========================================================================
Received Import Request.
  Time since last request: 3.886295 seconds.
  path: Assets/Scenes/Single_Scene.unity
  artifactKey: Guid(262dee497cf0cea42984e9e279c6e9a9) Importer(815301076,1909f56bfc062723c751e8b465ee728b)
Start importing Assets/Scenes/Single_Scene.unity using Guid(262dee497cf0cea42984e9e279c6e9a9) Importer(815301076,1909f56bfc062723c751e8b465ee728b) (PreviewImporter) -> (artifact id: 'd7afc62a06327fd977661c9e2450ced7') in 0.0017787 seconds
Number of updated asset objects reloaded before import = 0Number of asset objects unloaded after import = 0

========================================================================
Received Import Request.
  Time since last request: 149.110247 seconds.
  path: Assets/Scenes/Hallway.unity
  artifactKey: Guid(b7f48a6c0a3ee7949b84442825e7d482) Importer(815301076,1909f56bfc062723c751e8b465ee728b)
Start importing Assets/Scenes/Hallway.unity using Guid(b7f48a6c0a3ee7949b84442825e7d482) Importer(815301076,1909f56bfc062723c751e8b465ee728b) (PreviewImporter) -> (artifact id: 'ff6d70ea19016c72fda6b6d2d3ff10c4') in 0.0026253 seconds
Number of updated asset objects reloaded before import = 0Number of asset objects unloaded after import = 0

========================================================================
Received Import Request.
  Time since last request: 55.399942 seconds.
  path: Assets/Scenes/Hallway/HallWay Variant.prefab
  artifactKey: Guid(e49af5ad200065b4a94f44409b18b5db) Importer(815301076,1909f56bfc062723c751e8b465ee728b)
Start importing Assets/Scenes/Hallway/HallWay Variant.prefab using Guid(e49af5ad200065b4a94f44409b18b5db) Importer(815301076,1909f56bfc062723c751e8b465ee728b) (PreviewImporter) -> (artifact id: 'c5ebc8c44349dd4eeaf3a3643ce305b7') in 0.6747917 seconds
Number of updated asset objects reloaded before import = 0Number of asset objects unloaded after import = 3174

========================================================================
Received Import Request.
  Time since last request: 0.107636 seconds.
  path: Assets/Scenes/Hallway/HallWay Variant.prefab
  artifactKey: Guid(e49af5ad200065b4a94f44409b18b5db) Importer(2089858483,b0f066a214c2f5e87bad3c948f4d605d)
Start importing Assets/Scenes/Hallway/HallWay Variant.prefab using Guid(e49af5ad200065b4a94f44409b18b5db) Importer(2089858483,b0f066a214c2f5e87bad3c948f4d605d) (ScriptedImporter) -> (artifact id: 'bc6c34474785bc49a208f1cd9bbb0e1f') in 0.2724634 seconds
Number of updated asset objects reloaded before import = 0Number of asset objects unloaded after import = 2329

========================================================================
Received Import Request.
  Time since last request: 139.558548 seconds.
  path: Assets/Scenes/Hallway/HallWay 1.prefab
  artifactKey: Guid(5f10c403ab7df234f916c9b7361f0870) Importer(815301076,1909f56bfc062723c751e8b465ee728b)
Start importing Assets/Scenes/Hallway/HallWay 1.prefab using Guid(5f10c403ab7df234f916c9b7361f0870) Importer(815301076,1909f56bfc062723c751e8b465ee728b) (PreviewImporter) -> (artifact id: 'bc4d01b2b6c09cb62bd0d9b35f674731') in 0.5413541 seconds
Number of updated asset objects reloaded before import = 0Number of asset objects unloaded after import = 2006

========================================================================
Received Import Request.
  Time since last request: 0.271563 seconds.
  path: Assets/Scenes/Hallway/HallWay 1.prefab
  artifactKey: Guid(5f10c403ab7df234f916c9b7361f0870) Importer(2089858483,b0f066a214c2f5e87bad3c948f4d605d)
Start importing Assets/Scenes/Hallway/HallWay 1.prefab using Guid(5f10c403ab7df234f916c9b7361f0870) Importer(2089858483,b0f066a214c2f5e87bad3c948f4d605d) (ScriptedImporter) -> (artifact id: '3915266bba6db0f5daa6a5d29b63ffa6') in 0.0501363 seconds
Number of updated asset objects reloaded before import = 0Number of asset objects unloaded after import = 1176

========================================================================
Received Import Request.
  Time since last request: 8.715291 seconds.
  path: Assets/Scenes/Hallway/Arch (2).prefab
  artifactKey: Guid(97ba88f75932d08419cabe60c58e6cb6) Importer(815301076,1909f56bfc062723c751e8b465ee728b)
Start importing Assets/Scenes/Hallway/Arch (2).prefab using Guid(97ba88f75932d08419cabe60c58e6cb6) Importer(815301076,1909f56bfc062723c751e8b465ee728b) (PreviewImporter) -> (artifact id: 'd32e178949df1abdf5f7bb3c9d1e1761') in 0.0023959 seconds
Number of updated asset objects reloaded before import = 0Number of asset objects unloaded after import = 7

========================================================================
Received Import Request.
  Time since last request: 0.000230 seconds.
  path: Assets/Scenes/Hallway/Arch.prefab
  artifactKey: Guid(fd9eacce70ccda24eaa73ed7af10ff91) Importer(815301076,1909f56bfc062723c751e8b465ee728b)
Start importing Assets/Scenes/Hallway/Arch.prefab using Guid(fd9eacce70ccda24eaa73ed7af10ff91) Importer(815301076,1909f56bfc062723c751e8b465ee728b) (PreviewImporter) -> (artifact id: '315d3f4af2a956c2d7c504d3096e7b72') in 0.0028306 seconds
Number of updated asset objects reloaded before import = 0Number of asset objects unloaded after import = 7

========================================================================
Received Import Request.
  Time since last request: 0.779580 seconds.
  path: Assets/Scenes/Hallway/Arch.prefab
  artifactKey: Guid(fd9eacce70ccda24eaa73ed7af10ff91) Importer(2089858483,b0f066a214c2f5e87bad3c948f4d605d)
Start importing Assets/Scenes/Hallway/Arch.prefab using Guid(fd9eacce70ccda24eaa73ed7af10ff91) Importer(2089858483,b0f066a214c2f5e87bad3c948f4d605d) (ScriptedImporter) -> (artifact id: '7e2bc78c29ec2bb5d1aed22e340a6451') in 0.1332447 seconds
Number of updated asset objects reloaded before import = 0Number of asset objects unloaded after import = 8

========================================================================
Received Import Request.
  Time since last request: 0.000059 seconds.
  path: Assets/Scenes/Hallway/Arch (2).prefab
  artifactKey: Guid(97ba88f75932d08419cabe60c58e6cb6) Importer(2089858483,b0f066a214c2f5e87bad3c948f4d605d)
Start importing Assets/Scenes/Hallway/Arch (2).prefab using Guid(97ba88f75932d08419cabe60c58e6cb6) Importer(2089858483,b0f066a214c2f5e87bad3c948f4d605d) (ScriptedImporter) -> (artifact id: 'f0c528cded2f800c5a3e5d6b976abf91') in 0.0440374 seconds
Number of updated asset objects reloaded before import = 0Number of asset objects unloaded after import = 8

========================================================================
Received Import Request.
  Time since last request: 45.966615 seconds.
  path: Assets/Scenes/Hallway.unity
  artifactKey: Guid(b7f48a6c0a3ee7949b84442825e7d482) Importer(2089858483,b0f066a214c2f5e87bad3c948f4d605d)
Start importing Assets/Scenes/Hallway.unity using Guid(b7f48a6c0a3ee7949b84442825e7d482) Importer(2089858483,b0f066a214c2f5e87bad3c948f4d605d) (ScriptedImporter) -> (artifact id: '29273fbfa8fdfb9812f5a720ed2f83fa') in 0.0324741 seconds
Number of updated asset objects reloaded before import = 0Number of asset objects unloaded after import = 1

========================================================================
Received Import Request.
  Time since last request: 62.033532 seconds.
  path: Assets/Scenes/Hallway.unity
  artifactKey: Guid(b7f48a6c0a3ee7949b84442825e7d482) Importer(815301076,1909f56bfc062723c751e8b465ee728b)
Start importing Assets/Scenes/Hallway.unity using Guid(b7f48a6c0a3ee7949b84442825e7d482) Importer(815301076,1909f56bfc062723c751e8b465ee728b) (PreviewImporter) -> (artifact id: '834ef5a90f7e762fd24477e8a3775511') in 0.0028752 seconds
Number of updated asset objects reloaded before import = 0Number of asset objects unloaded after import = 0

========================================================================
Received Import Request.
  Time since last request: 20.238734 seconds.
  path: Assets/Scenes/Single_Scene.unity
  artifactKey: Guid(262dee497cf0cea42984e9e279c6e9a9) Importer(2089858483,b0f066a214c2f5e87bad3c948f4d605d)
Start importing Assets/Scenes/Single_Scene.unity using Guid(262dee497cf0cea42984e9e279c6e9a9) Importer(2089858483,b0f066a214c2f5e87bad3c948f4d605d) (ScriptedImporter) -> (artifact id: 'd15d5acf6fdc3ecd42ed25edda854f92') in 0.0194373 seconds
Number of updated asset objects reloaded before import = 0Number of asset objects unloaded after import = 1

========================================================================
Received Import Request.
  Time since last request: 41.661594 seconds.
  path: Assets/Scenes/Hallway/HallWay.prefab
  artifactKey: Guid(2c2265535feacc043b2192561d848642) Importer(815301076,1909f56bfc062723c751e8b465ee728b)
Start importing Assets/Scenes/Hallway/HallWay.prefab using Guid(2c2265535feacc043b2192561d848642) Importer(815301076,1909f56bfc062723c751e8b465ee728b) (PreviewImporter) -> (artifact id: 'e2e46cccc2885003a94e412e092bc6d4') in 0.5170508 seconds
Number of updated asset objects reloaded before import = 0Number of asset objects unloaded after import = 2027

========================================================================
Received Import Request.
  Time since last request: 0.312684 seconds.
  path: Assets/Scenes/Hallway/HallWay.prefab
  artifactKey: Guid(2c2265535feacc043b2192561d848642) Importer(2089858483,b0f066a214c2f5e87bad3c948f4d605d)
Start importing Assets/Scenes/Hallway/HallWay.prefab using Guid(2c2265535feacc043b2192561d848642) Importer(2089858483,b0f066a214c2f5e87bad3c948f4d605d) (ScriptedImporter) -> (artifact id: '725b2fb5a03f8aa0b889e1bc07583089') in 0.0528686 seconds
Number of updated asset objects reloaded before import = 0Number of asset objects unloaded after import = 1176

========================================================================
Received Import Request.
  Time since last request: 391.051300 seconds.
  path: Assets/Scenes/Hallway.unity
  artifactKey: Guid(b7f48a6c0a3ee7949b84442825e7d482) Importer(2089858483,b0f066a214c2f5e87bad3c948f4d605d)
Start importing Assets/Scenes/Hallway.unity using Guid(b7f48a6c0a3ee7949b84442825e7d482) Importer(2089858483,b0f066a214c2f5e87bad3c948f4d605d) (ScriptedImporter) -> (artifact id: 'c71a737fbd1aa42cd863ba59f7fb0d7f') in 0.0159612 seconds
Number of updated asset objects reloaded before import = 0Number of asset objects unloaded after import = 1

========================================================================
Received Import Request.
  Time since last request: 1.060929 seconds.
  path: Assets/Scenes/New libarary scene.unity
  artifactKey: Guid(33bc47485c6508046b6c935389ac9dbc) Importer(815301076,1909f56bfc062723c751e8b465ee728b)
Start importing Assets/Scenes/New libarary scene.unity using Guid(33bc47485c6508046b6c935389ac9dbc) Importer(815301076,1909f56bfc062723c751e8b465ee728b) (PreviewImporter) -> (artifact id: '4e409d1172cc354ce92eca9b7e61c342') in 0.0020802 seconds
Number of updated asset objects reloaded before import = 0Number of asset objects unloaded after import = 0

========================================================================
Received Import Request.
  Time since last request: 52.330529 seconds.
  path: Assets/Scenes/Prefab_Scenes
  artifactKey: Guid(5a18524562d5c5c43a0e41515778c233) Importer(815301076,1909f56bfc062723c751e8b465ee728b)
Start importing Assets/Scenes/Prefab_Scenes using Guid(5a18524562d5c5c43a0e41515778c233) Importer(815301076,1909f56bfc062723c751e8b465ee728b) (PreviewImporter) -> (artifact id: '71346e6f8870358e1ef18db587a2070a') in 0.0059724 seconds
Number of updated asset objects reloaded before import = 0Number of asset objects unloaded after import = 0

========================================================================
Received Import Request.
  Time since last request: 0.829372 seconds.
  path: Assets/Scenes/Prefab_Scenes
  artifactKey: Guid(5a18524562d5c5c43a0e41515778c233) Importer(2089858483,b0f066a214c2f5e87bad3c948f4d605d)
Start importing Assets/Scenes/Prefab_Scenes using Guid(5a18524562d5c5c43a0e41515778c233) Importer(2089858483,b0f066a214c2f5e87bad3c948f4d605d) (ScriptedImporter) -> (artifact id: '5eb618c463ab2894def85fa3fb7d030e') in 0.0178499 seconds
Number of updated asset objects reloaded before import = 0Number of asset objects unloaded after import = 1

========================================================================
Received Import Request.
  Time since last request: 273.236920 seconds.
  path: Assets/Scenes/New libarary scene.unity
  artifactKey: Guid(33bc47485c6508046b6c935389ac9dbc) Importer(2089858483,b0f066a214c2f5e87bad3c948f4d605d)
Start importing Assets/Scenes/New libarary scene.unity using Guid(33bc47485c6508046b6c935389ac9dbc) Importer(2089858483,b0f066a214c2f5e87bad3c948f4d605d) (ScriptedImporter) -> (artifact id: '9e4463da246e3a48ec99d91232122696') in 0.1474044 seconds
Number of updated asset objects reloaded before import = 0Number of asset objects unloaded after import = 1

